<?xml version="1.0" encoding="UTF-8"?>
<!-- Generated by org.testng.reporters.JUnitReportReporter -->
<testsuite skipped="0" hostname="DESKTOP-J84DH34" name="com.way2a.testcases.AddCustomerTest" tests="1" failures="0" timestamp="21 Jul 2020 06:46:19 GMT" time="2.225" errors="0">
  <testcase name="addCstomer" time="2.225" classname="com.way2a.testcases.AddCustomerTest"/>
</testsuite> <!-- com.way2a.testcases.AddCustomerTest -->
