<?xml version="1.0" encoding="UTF-8"?>
<!-- Generated by org.testng.reporters.JUnitReportReporter -->
<testsuite skipped="0" hostname="DESKTOP-J84DH34" name="com.way2a.testcases.BankManagerLoginTest" tests="1" failures="0" timestamp="22 Jul 2020 17:02:24 GMT" time="6.862" errors="0">
  <testcase name="loginAsBankManager" time="6.862" classname="com.way2a.testcases.BankManagerLoginTest"/>
</testsuite> <!-- com.way2a.testcases.BankManagerLoginTest -->
