<?xml version="1.0" encoding="UTF-8"?>
<!-- Generated by org.testng.reporters.JUnitReportReporter -->
<testsuite skipped="0" hostname="DESKTOP-J84DH34" name="com.way2a.testcases.OpenAccountTest" tests="1" failures="0" timestamp="22 Jul 2020 17:02:24 GMT" time="2.636" errors="0">
  <testcase name="openAccountTest" time="2.636" classname="com.way2a.testcases.OpenAccountTest"/>
</testsuite> <!-- com.way2a.testcases.OpenAccountTest -->
