<?xml version="1.0" encoding="UTF-8"?>
<!-- Generated by org.testng.reporters.JUnitReportReporter -->
<testsuite skipped="0" hostname="DESKTOP-J84DH34" name="com.way2a.testcases.AddCustomerTest" tests="4" failures="0" timestamp="22 Jul 2020 17:02:24 GMT" time="18.751" errors="0">
  <testcase name="addCustomerTest" time="5.189" classname="com.way2a.testcases.AddCustomerTest"/>
  <testcase name="addCustomerTest" time="4.410" classname="com.way2a.testcases.AddCustomerTest"/>
  <testcase name="addCustomerTest" time="4.445" classname="com.way2a.testcases.AddCustomerTest"/>
  <testcase name="addCustomerTest" time="4.707" classname="com.way2a.testcases.AddCustomerTest"/>
</testsuite> <!-- com.way2a.testcases.AddCustomerTest -->
